d:\nbcc\im-3d graphics programming\visual studio projects\leblanc_mathieu_cube & lighting v2\glfw_window\release\vc141.pdb
d:\nbcc\im-3d graphics programming\visual studio projects\leblanc_mathieu_cube & lighting v2\glfw_window\release\texturemanager.obj
d:\nbcc\im-3d graphics programming\visual studio projects\leblanc_mathieu_cube & lighting v2\glfw_window\release\main.obj
d:\nbcc\im-3d graphics programming\visual studio projects\leblanc_mathieu_cube & lighting v2\glfw_window\release\logger.obj
d:\nbcc\im-3d graphics programming\visual studio projects\leblanc_mathieu_cube & lighting v2\glfw_window\release\glutils.obj
d:\nbcc\im-3d graphics programming\visual studio projects\leblanc_mathieu_cube & lighting v2\glfw_window\release\glslprogram.obj
d:\nbcc\im-3d graphics programming\visual studio projects\leblanc_mathieu_cube & lighting v2\glfw_window\release\cube.obj
d:\nbcc\im-3d graphics programming\visual studio projects\blender object importer\glfw_window\release\vc141.pdb
d:\nbcc\im-3d graphics programming\visual studio projects\blender object importer\glfw_window\release\texturemanager.obj
d:\nbcc\im-3d graphics programming\visual studio projects\blender object importer\glfw_window\release\mesh.obj
d:\nbcc\im-3d graphics programming\visual studio projects\blender object importer\glfw_window\release\main.obj
d:\nbcc\im-3d graphics programming\visual studio projects\blender object importer\glfw_window\release\logger.obj
d:\nbcc\im-3d graphics programming\visual studio projects\blender object importer\glfw_window\release\glutils.obj
d:\nbcc\im-3d graphics programming\visual studio projects\blender object importer\glfw_window\release\glslprogram.obj
d:\nbcc\im-3d graphics programming\visual studio projects\blender object importer\glfw_window\release\cube.obj
d:\nbcc\im-3d graphics programming\visual studio projects\leblanc_mathieu_cube & lighting v2\release\glfw_window.ipdb
d:\nbcc\im-3d graphics programming\visual studio projects\leblanc_mathieu_cube & lighting v2\release\glfw_window.iobj
d:\nbcc\im-3d graphics programming\visual studio projects\blender object importer\release\glfw_window.ipdb
d:\nbcc\im-3d graphics programming\visual studio projects\blender object importer\release\glfw_window.iobj
d:\nbcc\im-3d graphics programming\visual studio projects\leblanc_mathieu_cube & lighting v2\release\glfw_window.exe
d:\nbcc\im-3d graphics programming\visual studio projects\leblanc_mathieu_cube & lighting v2\release\glfw_window.pdb
d:\nbcc\im-3d graphics programming\visual studio projects\blender object importer\release\glfw_window.exe
d:\nbcc\im-3d graphics programming\visual studio projects\blender object importer\release\glfw_window.pdb
d:\nbcc\im-3d graphics programming\visual studio projects\blender object importer\glfw_window\release\glfw_window.tlog\cl.command.1.tlog
d:\nbcc\im-3d graphics programming\visual studio projects\blender object importer\glfw_window\release\glfw_window.tlog\cl.read.1.tlog
d:\nbcc\im-3d graphics programming\visual studio projects\blender object importer\glfw_window\release\glfw_window.tlog\cl.write.1.tlog
d:\nbcc\im-3d graphics programming\visual studio projects\blender object importer\glfw_window\release\glfw_window.tlog\glfw_window.write.1u.tlog
d:\nbcc\im-3d graphics programming\visual studio projects\blender object importer\glfw_window\release\glfw_window.tlog\link.command.1.tlog
d:\nbcc\im-3d graphics programming\visual studio projects\blender object importer\glfw_window\release\glfw_window.tlog\link.read.1.tlog
d:\nbcc\im-3d graphics programming\visual studio projects\blender object importer\glfw_window\release\glfw_window.tlog\link.write.1.tlog
